<?xml version="1.0" encoding="UTF-8"?>
<testng-results ignored="0" total="4" passed="4" failed="0" skipped="0">
  <reporter-output>
  </reporter-output>
  <suite started-at="2024-05-12T20:58:34 IST" name="All Test Suite" finished-at="2024-05-12T20:58:57 IST" duration-ms="22624">
    <groups>
    </groups>
    <test started-at="2024-05-12T20:58:34 IST" name="C:/Users/Sujata/IdeaProjects/Maven" finished-at="2024-05-12T20:58:57 IST" duration-ms="22624">
      <class name="testng.parameterization.DataProviderwithExcelHw">
        <test-method signature="verifyParameter(java.lang.String,java.lang.String)[pri:0, instance:testng.parameterization.DataProviderwithExcelHw@22635ba0]" started-at="2024-05-12T20:58:35 IST" name="verifyParameter" data-provider="test data" finished-at="2024-05-12T20:58:41 IST" duration-ms="6725" status="PASS">
          <params>
            <param index="0">
              <value>
                <![CDATA[1]]>
              </value>
            </param>
            <param index="1">
              <value>
                <![CDATA[411033]]>
              </value>
            </param>
          </params>
          <reporter-output>
          </reporter-output>
        </test-method> <!-- verifyParameter -->
        <test-method signature="verifyParameter(java.lang.String,java.lang.String)[pri:0, instance:testng.parameterization.DataProviderwithExcelHw@22635ba0]" started-at="2024-05-12T20:58:41 IST" name="verifyParameter" data-provider="test data" finished-at="2024-05-12T20:58:47 IST" duration-ms="5094" status="PASS">
          <params>
            <param index="0">
              <value>
                <![CDATA[2]]>
              </value>
            </param>
            <param index="1">
              <value>
                <![CDATA[410504]]>
              </value>
            </param>
          </params>
          <reporter-output>
          </reporter-output>
        </test-method> <!-- verifyParameter -->
        <test-method signature="verifyParameter(java.lang.String,java.lang.String)[pri:0, instance:testng.parameterization.DataProviderwithExcelHw@22635ba0]" started-at="2024-05-12T20:58:47 IST" name="verifyParameter" data-provider="test data" finished-at="2024-05-12T20:58:52 IST" duration-ms="5058" status="PASS">
          <params>
            <param index="0">
              <value>
                <![CDATA[3]]>
              </value>
            </param>
            <param index="1">
              <value>
                <![CDATA[411044]]>
              </value>
            </param>
          </params>
          <reporter-output>
          </reporter-output>
        </test-method> <!-- verifyParameter -->
        <test-method signature="verifyParameter(java.lang.String,java.lang.String)[pri:0, instance:testng.parameterization.DataProviderwithExcelHw@22635ba0]" started-at="2024-05-12T20:58:52 IST" name="verifyParameter" data-provider="test data" finished-at="2024-05-12T20:58:57 IST" duration-ms="4917" status="PASS">
          <params>
            <param index="0">
              <value>
                <![CDATA[4]]>
              </value>
            </param>
            <param index="1">
              <value>
                <![CDATA[411035]]>
              </value>
            </param>
          </params>
          <reporter-output>
          </reporter-output>
        </test-method> <!-- verifyParameter -->
      </class> <!-- testng.parameterization.DataProviderwithExcelHw -->
    </test> <!-- C:/Users/Sujata/IdeaProjects/Maven -->
  </suite> <!-- All Test Suite -->
</testng-results>
